<VAST xmlns:xsi="http://www.w3.org/2001/XMLSchema-instance" xsi:noNamespaceSchemaLocation="vast.xsd" version="3.0">
    <Ad id="697203496">
        <InLine>
            <AdSystem>GDFP</AdSystem>
            <AdTitle>External NCA1C1L1 Linear Inline</AdTitle>
            <Creatives>
                <Creative id="57859154776" sequence="1">
                    <Linear skipoffset="00:00:05">
                        <Duration>00:00:30</Duration>
                        <VideoClicks>
                            <ClickThrough id="GDFP">
                                <![CDATA[ https://6689vn86.vn ]]>
                            </ClickThrough>
                        </VideoClicks>
                        <MediaFiles>
                          <MediaFile delivery="progressive" type="video/mp4" scalable="true" maintainAspectRatio="true"> <![CDATA[ https://api.megalive.vn/uploads/ads/4-640x360-124.mp4 ]]> </MediaFile>
                        </MediaFiles>
                    </Linear>
                </Creative>
            </Creatives>
        </InLine>
    </Ad>
</VAST>
