<VAST version="2.0">
<Ad>
<InLine>
<AdSystem>Dacast</AdSystem>
<AdTitle>Dacast Custom VAST Ad</AdTitle>
<Description>Dacast Custom VAST Ad</Description>
<Creatives>
<Creative>
<Linear>
<Duration>00:00:30</Duration>
<MediaFiles>
<MediaFile delivery="progressive" type="video/mp4" scalable="true" maintainAspectRatio="true"> https://api.megalive.vn/uploads/ads/ads_video.mp4 </MediaFile>
</MediaFiles>
</Linear>
</Creative>
</Creatives>
</InLine>
</Ad>
</VAST>