<VAST xmlns:xsi="http://www.w3.org/2001/XMLSchema-instance" xsi:noNamespaceSchemaLocation="vast.xsd" version="3.0">
    <Ad id="697203496">
        <InLine>
            <AdSystem>GDFP</AdSystem>
            <AdTitle>External NCA1C1L1 Linear Inline</AdTitle>
            <Creatives>
                <Creative id="57859154776" sequence="1">
                    <Linear skipoffset="00:00:05">
                        <Duration>00:00:30</Duration>
                        <VideoClicks>
                            <ClickThrough id="GDFP">
                                <![CDATA[ https://6689vn86.vn ]]>
                            </ClickThrough>
                        </VideoClicks>
                        <MediaFiles>
<!--                             <MediaFile id="GDFP" delivery="progressive" width="1280" height="720" type="video/mp4" bitrate="450" scalable="true" maintainAspectRatio="true">
                                <![CDATA[ https://api.megalive.vn/uploads/ads/1-1280x720-440.mp4 ]]>
                            </MediaFile>
                            <MediaFile id="GDFP" delivery="progressive" width="176" height="144" type="video/3gpp" bitrate="36" scalable="true" maintainAspectRatio="true">
                                <![CDATA[ https://api.megalive.vn/uploads/ads/2-176x144-36.3gp ]]>
                            </MediaFile>
                            <MediaFile id="GDFP" delivery="progressive" width="320" height="180" type="video/3gpp" bitrate="69" scalable="true" maintainAspectRatio="true">
                                <![CDATA[ https://api.megalive.vn/uploads/ads/3-320x180-60.3gp ]]>
                            </MediaFile>
                            <MediaFile id="GDFP" delivery="progressive" width="640" height="360" type="video/mp4" bitrate="118" scalable="true" maintainAspectRatio="true">
                                <![CDATA[ https://api.megalive.vn/uploads/ads/4-640x360-124.mp4 ]]>
                            </MediaFile>
                            <MediaFile id="GDFP" delivery="progressive" width="640" height="360" type="video/webm" bitrate="119" scalable="true" maintainAspectRatio="true">
                                <![CDATA[ https://api.megalive.vn/uploads/ads/5-640x360-124.webm ]]>
                            </MediaFile>
                            <MediaFile id="GDFP" delivery="progressive" width="1280" height="720" type="video/webm" bitrate="229" scalable="true" maintainAspectRatio="true">
                                <![CDATA[ https://api.megalive.vn/uploads/ads/6-1280x720-218.webm ]]>
                            </MediaFile>
                            <MediaFile id="GDFP" delivery="progressive" width="854" height="480" type="video/webm" bitrate="132" scalable="true" maintainAspectRatio="true">
                                <![CDATA[ https://api.megalive.vn/uploads/ads/7-854x480-124_1.webm ]]>
                            </MediaFile> -->
                      <MediaFile delivery="progressive" type="video/mp4" scalable="true" maintainAspectRatio="true"> <![CDATA[ https://api.megalive.vn/uploads/ads/4-640x360-124.mp4 ]]> </MediaFile>
                        </MediaFiles>
                    </Linear>
                </Creative>
            </Creatives>
        </InLine>
    </Ad>
</VAST>
